<?xml version="1.0" encoding="UTF-8"?>
<testsuite name="org.launchcode.hellospring.HelloSpringApplicationTests" tests="1" skipped="0" failures="0" errors="0" timestamp="2020-02-26T22:23:37" hostname="DESKTOP-B62KMSV" time="1.234">
  <properties/>
  <testcase name="contextLoads()" classname="org.launchcode.hellospring.HelloSpringApplicationTests" time="1.234"/>
  <system-out><![CDATA[16:23:33.051 [Test worker] DEBUG org.springframework.test.context.BootstrapUtils - Instantiating CacheAwareContextLoaderDelegate from class [org.springframework.test.context.cache.DefaultCacheAwareContextLoaderDelegate]
16:23:33.092 [Test worker] DEBUG org.springframework.test.context.BootstrapUtils - Instantiating BootstrapContext using constructor [public org.springframework.test.context.support.DefaultBootstrapContext(java.lang.Class,org.springframework.test.context.CacheAwareContextLoaderDelegate)]
16:23:33.191 [Test worker] DEBUG org.springframework.test.context.BootstrapUtils - Instantiating TestContextBootstrapper for test class [org.launchcode.hellospring.HelloSpringApplicationTests] from class [org.springframework.boot.test.context.SpringBootTestContextBootstrapper]
16:23:33.232 [Test worker] INFO org.springframework.boot.test.context.SpringBootTestContextBootstrapper - Neither @ContextConfiguration nor @ContextHierarchy found for test class [org.launchcode.hellospring.HelloSpringApplicationTests], using SpringBootContextLoader
16:23:33.242 [Test worker] DEBUG org.springframework.test.context.support.AbstractContextLoader - Did not detect default resource location for test class [org.launchcode.hellospring.HelloSpringApplicationTests]: class path resource [org/launchcode/hellospring/HelloSpringApplicationTests-context.xml] does not exist
16:23:33.244 [Test worker] DEBUG org.springframework.test.context.support.AbstractContextLoader - Did not detect default resource location for test class [org.launchcode.hellospring.HelloSpringApplicationTests]: class path resource [org/launchcode/hellospring/HelloSpringApplicationTestsContext.groovy] does not exist
16:23:33.245 [Test worker] INFO org.springframework.test.context.support.AbstractContextLoader - Could not detect default resource locations for test class [org.launchcode.hellospring.HelloSpringApplicationTests]: no resource found for suffixes {-context.xml, Context.groovy}.
16:23:33.247 [Test worker] INFO org.springframework.test.context.support.AnnotationConfigContextLoaderUtils - Could not detect default configuration classes for test class [org.launchcode.hellospring.HelloSpringApplicationTests]: HelloSpringApplicationTests does not declare any static, non-private, non-final, nested classes annotated with @Configuration.
16:23:33.380 [Test worker] DEBUG org.springframework.test.context.support.ActiveProfilesUtils - Could not find an 'annotation declaring class' for annotation type [org.springframework.test.context.ActiveProfiles] and class [org.launchcode.hellospring.HelloSpringApplicationTests]
16:23:33.556 [Test worker] DEBUG org.springframework.context.annotation.ClassPathScanningCandidateComponentProvider - Identified candidate component class: file [C:\Users\kyle\Downloads\hello-spring (1)\hello-spring\build\classes\java\main\org\launchcode\hellospring\HelloSpringApplication.class]
16:23:33.561 [Test worker] INFO org.springframework.boot.test.context.SpringBootTestContextBootstrapper - Found @SpringBootConfiguration org.launchcode.hellospring.HelloSpringApplication for test class org.launchcode.hellospring.HelloSpringApplicationTests
16:23:33.822 [Test worker] DEBUG org.springframework.boot.test.context.SpringBootTestContextBootstrapper - @TestExecutionListeners is not present for class [org.launchcode.hellospring.HelloSpringApplicationTests]: using defaults.
16:23:33.823 [Test worker] INFO org.springframework.boot.test.context.SpringBootTestContextBootstrapper - Loaded default TestExecutionListener class names from location [META-INF/spring.factories]: [org.springframework.boot.test.autoconfigure.restdocs.RestDocsTestExecutionListener, org.springframework.boot.test.autoconfigure.web.client.MockRestServiceServerResetTestExecutionListener, org.springframework.boot.test.autoconfigure.web.servlet.MockMvcPrintOnlyOnFailureTestExecutionListener, org.springframework.boot.test.autoconfigure.web.servlet.WebDriverTestExecutionListener, org.springframework.boot.test.mock.mockito.MockitoTestExecutionListener, org.springframework.boot.test.mock.mockito.ResetMocksTestExecutionListener, org.springframework.test.context.web.ServletTestExecutionListener, org.springframework.test.context.support.DirtiesContextBeforeModesTestExecutionListener, org.springframework.test.context.support.DependencyInjectionTestExecutionListener, org.springframework.test.context.support.DirtiesContextTestExecutionListener, org.springframework.test.context.transaction.TransactionalTestExecutionListener, org.springframework.test.context.jdbc.SqlScriptsTestExecutionListener, org.springframework.test.context.event.EventPublishingTestExecutionListener]
16:23:33.863 [Test worker] DEBUG org.springframework.boot.test.context.SpringBootTestContextBootstrapper - Skipping candidate TestExecutionListener [org.springframework.test.context.transaction.TransactionalTestExecutionListener] due to a missing dependency. Specify custom listener classes or make the default listener classes and their required dependencies available. Offending class: [org/springframework/transaction/interceptor/TransactionAttributeSource]
16:23:33.865 [Test worker] DEBUG org.springframework.boot.test.context.SpringBootTestContextBootstrapper - Skipping candidate TestExecutionListener [org.springframework.test.context.jdbc.SqlScriptsTestExecutionListener] due to a missing dependency. Specify custom listener classes or make the default listener classes and their required dependencies available. Offending class: [org/springframework/transaction/interceptor/TransactionAttribute]
16:23:33.865 [Test worker] INFO org.springframework.boot.test.context.SpringBootTestContextBootstrapper - Using TestExecutionListeners: [org.springframework.test.context.web.ServletTestExecutionListener@769c82d7, org.springframework.test.context.support.DirtiesContextBeforeModesTestExecutionListener@1d777942, org.springframework.boot.test.mock.mockito.MockitoTestExecutionListener@16f59fa9, org.springframework.boot.test.autoconfigure.SpringBootDependencyInjectionTestExecutionListener@63b0722, org.springframework.test.context.support.DirtiesContextTestExecutionListener@14a3b708, org.springframework.test.context.event.EventPublishingTestExecutionListener@32b861b7, org.springframework.boot.test.autoconfigure.restdocs.RestDocsTestExecutionListener@88aa89e, org.springframework.boot.test.autoconfigure.web.client.MockRestServiceServerResetTestExecutionListener@5656acba, org.springframework.boot.test.autoconfigure.web.servlet.MockMvcPrintOnlyOnFailureTestExecutionListener@5f444a8f, org.springframework.boot.test.autoconfigure.web.servlet.WebDriverTestExecutionListener@2e802d09, org.springframework.boot.test.mock.mockito.ResetMocksTestExecutionListener@7393be1f]
16:23:33.876 [Test worker] DEBUG org.springframework.test.context.support.AbstractDirtiesContextTestExecutionListener - Before test class: context [DefaultTestContext@3f7273ab testClass = HelloSpringApplicationTests, testInstance = [null], testMethod = [null], testException = [null], mergedContextConfiguration = [WebMergedContextConfiguration@9c9704a testClass = HelloSpringApplicationTests, locations = '{}', classes = '{class org.launchcode.hellospring.HelloSpringApplication}', contextInitializerClasses = '[]', activeProfiles = '{}', propertySourceLocations = '{}', propertySourceProperties = '{org.springframework.boot.test.context.SpringBootTestContextBootstrapper=true}', contextCustomizers = set[org.springframework.boot.test.autoconfigure.properties.PropertyMappingContextCustomizer@0, org.springframework.boot.test.autoconfigure.web.servlet.WebDriverContextCustomizerFactory$Customizer@46ae5f8f, org.springframework.boot.test.context.filter.ExcludeFilterContextCustomizer@78d75b38, org.springframework.boot.test.json.DuplicateJsonObjectContextCustomizerFactory$DuplicateJsonObjectContextCustomizer@5500959d, org.springframework.boot.test.mock.mockito.MockitoContextCustomizer@0, org.springframework.boot.test.web.client.TestRestTemplateContextCustomizer@6fde0993], resourceBasePath = 'src/main/webapp', contextLoader = 'org.springframework.boot.test.context.SpringBootContextLoader', parent = [null]], attributes = map['org.springframework.test.context.web.ServletTestExecutionListener.activateListener' -> true]], class annotated with @DirtiesContext [false] with mode [null].
16:23:33.975 [Test worker] DEBUG org.springframework.test.context.support.TestPropertySourceUtils - Adding inlined properties to environment: {spring.jmx.enabled=false, org.springframework.boot.test.context.SpringBootTestContextBootstrapper=true, server.port=-1}

  .   ____          _            __ _ _
 /\\ / ___'_ __ _ _(_)_ __  __ _ \ \ \ \
( ( )\___ | '_ | '_| | '_ \/ _` | \ \ \ \
 \\/  ___)| |_)| | | | | || (_| |  ) ) ) )
  '  |____| .__|_| |_|_| |_\__, | / / / /
 =========|_|==============|___/=/_/_/_/
 :: Spring Boot ::        (v2.2.4.RELEASE)

2020-02-26 16:23:34.531  INFO 10428 --- [    Test worker] o.l.h.HelloSpringApplicationTests        : Starting HelloSpringApplicationTests on DESKTOP-B62KMSV with PID 10428 (started by kyle in C:\Users\kyle\Downloads\hello-spring (1)\hello-spring)
2020-02-26 16:23:34.534  INFO 10428 --- [    Test worker] o.l.h.HelloSpringApplicationTests        : No active profile set, falling back to default profiles: default
2020-02-26 16:23:37.010  INFO 10428 --- [    Test worker] o.s.s.concurrent.ThreadPoolTaskExecutor  : Initializing ExecutorService 'applicationTaskExecutor'
2020-02-26 16:23:37.641  INFO 10428 --- [    Test worker] o.l.h.HelloSpringApplicationTests        : Started HelloSpringApplicationTests in 3.648 seconds (JVM running for 7.193)
]]></system-out>
  <system-err><![CDATA[]]></system-err>
</testsuite>
